<?xml version="1.0" encoding="UTF-8"?>
<testsuite xmlns:xsi="http://www.w3.org/2001/XMLSchema-instance" xsi:noNamespaceSchemaLocation="https://maven.apache.org/surefire/maven-surefire-plugin/xsd/surefire-test-report-3.0.xsd" version="3.0" name="com.inventory.system.controller.ProductControllerTest" time="0.054" tests="5" errors="0" skipped="0" failures="0">
  <properties>
[...]
</properties>
  <testcase name="testUpdateAndDeleteNonExistingProduct" classname="com.inventory.system.controller.ProductControllerTest" time="0.003"/>
  <testcase name="testFindProductById" classname="com.inventory.system.controller.ProductControllerTest" time="0.0"/>
  <testcase name="testUpdateProduct" classname="com.inventory.system.controller.ProductControllerTest" time="0.0"/>
  <testcase name="testAddProduct" classname="com.inventory.system.controller.ProductControllerTest" time="0.0"/>
  <testcase name="testDeleteProduct" classname="com.inventory.system.controller.ProductControllerTest" time="0.0"/>
</testsuite>